2024-12-02 17:17:20,354 CRIT Supervisor is running as root.  Privileges were not dropped because no user is specified in the config file.  If you intend to run as root, you can set user=root in the config file to avoid this message.
2024-12-02 17:17:20,357 INFO supervisord started with pid 9
2024-12-02 17:17:21,363 INFO spawned: 'laravel-worker_00' with pid 15
2024-12-02 17:17:21,368 INFO spawned: 'laravel-worker_01' with pid 16
2024-12-02 17:17:21,373 INFO spawned: 'laravel-worker_02' with pid 17
2024-12-02 17:17:21,377 INFO spawned: 'laravel-worker_03' with pid 18
2024-12-02 17:17:21,381 INFO spawned: 'laravel-worker_04' with pid 19
2024-12-02 17:17:21,384 INFO spawned: 'laravel-worker_05' with pid 20
2024-12-02 17:17:21,388 INFO spawned: 'laravel-worker_06' with pid 21
2024-12-02 17:17:21,391 INFO spawned: 'laravel-worker_07' with pid 22
2024-12-02 17:17:21,392 INFO spawnerr: can't find command '/usr/sbin/nginx'
2024-12-02 17:17:21,395 INFO spawned: 'php-fpm' with pid 23
2024-12-02 17:17:21,426 INFO gave up: nginx entered FATAL state, too many start retries too quickly
2024-12-02 17:17:21,457 WARN exited: php-fpm (exit status 78; not expected)
2024-12-02 17:17:22,459 INFO success: laravel-worker_00 entered RUNNING state, process has stayed up for > than 1 seconds (startsecs)
2024-12-02 17:17:22,459 INFO success: laravel-worker_01 entered RUNNING state, process has stayed up for > than 1 seconds (startsecs)
2024-12-02 17:17:22,459 INFO success: laravel-worker_02 entered RUNNING state, process has stayed up for > than 1 seconds (startsecs)
2024-12-02 17:17:22,459 INFO success: laravel-worker_03 entered RUNNING state, process has stayed up for > than 1 seconds (startsecs)
2024-12-02 17:17:22,459 INFO success: laravel-worker_04 entered RUNNING state, process has stayed up for > than 1 seconds (startsecs)
2024-12-02 17:17:22,459 INFO success: laravel-worker_05 entered RUNNING state, process has stayed up for > than 1 seconds (startsecs)
2024-12-02 17:17:22,460 INFO success: laravel-worker_06 entered RUNNING state, process has stayed up for > than 1 seconds (startsecs)
2024-12-02 17:17:22,460 INFO success: laravel-worker_07 entered RUNNING state, process has stayed up for > than 1 seconds (startsecs)
2024-12-02 17:17:22,460 INFO gave up: php-fpm entered FATAL state, too many start retries too quickly
2024-12-02 17:28:04,104 WARN received SIGINT indicating exit request
2024-12-02 17:28:04,105 INFO waiting for laravel-worker_00, laravel-worker_01, laravel-worker_02, laravel-worker_03, laravel-worker_04, laravel-worker_05, laravel-worker_06, laravel-worker_07 to die
2024-12-02 17:28:06,108 WARN received SIGINT indicating exit request
2024-12-02 17:28:06,137 WARN stopped: laravel-worker_02 (terminated by SIGTERM)
2024-12-02 17:28:06,137 WARN stopped: laravel-worker_04 (terminated by SIGTERM)
2024-12-02 17:28:06,138 WARN stopped: laravel-worker_01 (terminated by SIGTERM)
2024-12-02 17:28:06,138 WARN stopped: laravel-worker_00 (terminated by SIGTERM)
2024-12-02 17:28:06,139 WARN stopped: laravel-worker_03 (terminated by SIGTERM)
2024-12-02 17:28:06,139 WARN stopped: laravel-worker_05 (terminated by SIGTERM)
2024-12-02 17:28:06,139 WARN stopped: laravel-worker_06 (terminated by SIGTERM)
2024-12-02 17:28:06,139 WARN stopped: laravel-worker_07 (terminated by SIGTERM)
2024-12-10 16:00:15,407 CRIT Supervisor is running as root.  Privileges were not dropped because no user is specified in the config file.  If you intend to run as root, you can set user=root in the config file to avoid this message.
2024-12-10 16:00:15,410 INFO supervisord started with pid 9
2024-12-10 16:00:16,426 INFO spawned: 'laravel-worker_00' with pid 15
2024-12-10 16:00:16,432 INFO spawned: 'laravel-worker_01' with pid 16
2024-12-10 16:00:16,439 INFO spawned: 'laravel-worker_02' with pid 17
2024-12-10 16:00:16,446 INFO spawned: 'laravel-worker_03' with pid 18
2024-12-10 16:00:16,451 INFO spawned: 'laravel-worker_04' with pid 19
2024-12-10 16:00:16,456 INFO spawned: 'laravel-worker_05' with pid 20
2024-12-10 16:00:16,460 INFO spawned: 'laravel-worker_06' with pid 21
2024-12-10 16:00:16,465 INFO spawned: 'laravel-worker_07' with pid 22
2024-12-10 16:00:16,468 INFO spawnerr: can't find command '/usr/sbin/nginx'
2024-12-10 16:00:16,470 INFO spawned: 'php-fpm' with pid 23
2024-12-10 16:00:16,495 INFO gave up: nginx entered FATAL state, too many start retries too quickly
2024-12-10 16:00:16,525 WARN exited: php-fpm (exit status 78; not expected)
2024-12-10 16:00:16,692 INFO gave up: php-fpm entered FATAL state, too many start retries too quickly
2024-12-10 16:00:17,751 INFO success: laravel-worker_00 entered RUNNING state, process has stayed up for > than 1 seconds (startsecs)
2024-12-10 16:00:17,751 INFO success: laravel-worker_01 entered RUNNING state, process has stayed up for > than 1 seconds (startsecs)
2024-12-10 16:00:17,752 INFO success: laravel-worker_02 entered RUNNING state, process has stayed up for > than 1 seconds (startsecs)
2024-12-10 16:00:17,752 INFO success: laravel-worker_03 entered RUNNING state, process has stayed up for > than 1 seconds (startsecs)
2024-12-10 16:00:17,752 INFO success: laravel-worker_04 entered RUNNING state, process has stayed up for > than 1 seconds (startsecs)
2024-12-10 16:00:17,752 INFO success: laravel-worker_05 entered RUNNING state, process has stayed up for > than 1 seconds (startsecs)
2024-12-10 16:00:17,752 INFO success: laravel-worker_06 entered RUNNING state, process has stayed up for > than 1 seconds (startsecs)
2024-12-10 16:00:17,752 INFO success: laravel-worker_07 entered RUNNING state, process has stayed up for > than 1 seconds (startsecs)
2024-12-10 16:01:02,016 WARN received SIGINT indicating exit request
2024-12-10 16:01:02,017 INFO waiting for laravel-worker_00, laravel-worker_01, laravel-worker_02, laravel-worker_03, laravel-worker_04, laravel-worker_05, laravel-worker_06, laravel-worker_07 to die
2024-12-10 16:01:04,030 WARN stopped: laravel-worker_07 (terminated by SIGTERM)
2024-12-10 16:01:04,030 WARN stopped: laravel-worker_00 (terminated by SIGTERM)
2024-12-10 16:01:04,030 WARN stopped: laravel-worker_02 (terminated by SIGTERM)
2024-12-10 16:01:04,031 WARN stopped: laravel-worker_06 (terminated by SIGTERM)
2024-12-10 16:01:04,031 WARN stopped: laravel-worker_03 (terminated by SIGTERM)
2024-12-10 16:01:04,031 WARN stopped: laravel-worker_04 (terminated by SIGTERM)
2024-12-10 16:01:04,031 WARN stopped: laravel-worker_05 (terminated by SIGTERM)
2024-12-10 16:01:04,031 WARN stopped: laravel-worker_01 (terminated by SIGTERM)
